Determining if the function res_servicename exists in the resolv failed with the following output:
Change Dir: /home/gz/repository/workplace/ibn/src/grpc/build/CMakeFiles/CMakeTmp

Run Build Command(s):/usr/bin/make cmTC_f1485/fast && /usr/bin/make -f CMakeFiles/cmTC_f1485.dir/build.make CMakeFiles/cmTC_f1485.dir/build
make[1]: Entering directory '/home/gz/repository/workplace/ibn/src/grpc/build/CMakeFiles/CMakeTmp'
Building C object CMakeFiles/cmTC_f1485.dir/CheckFunctionExists.c.o
/usr/bin/cc   -DCHECK_FUNCTION_EXISTS=res_servicename -fPIE   -o CMakeFiles/cmTC_f1485.dir/CheckFunctionExists.c.o   -c /usr/share/cmake-3.16/Modules/CheckFunctionExists.c
Linking C executable cmTC_f1485
/usr/bin/cmake -E cmake_link_script CMakeFiles/cmTC_f1485.dir/link.txt --verbose=1
/usr/bin/cc  -DCHECK_FUNCTION_EXISTS=res_servicename    -rdynamic CMakeFiles/cmTC_f1485.dir/CheckFunctionExists.c.o  -o cmTC_f1485  -lresolv 
/usr/bin/ld: CMakeFiles/cmTC_f1485.dir/CheckFunctionExists.c.o: in function `main':
CheckFunctionExists.c:(.text+0x14): undefined reference to `res_servicename'
collect2: error: ld returned 1 exit status
make[1]: *** [CMakeFiles/cmTC_f1485.dir/build.make:87: cmTC_f1485] Error 1
make[1]: Leaving directory '/home/gz/repository/workplace/ibn/src/grpc/build/CMakeFiles/CMakeTmp'
make: *** [Makefile:121: cmTC_f1485/fast] Error 2



Determining if the function gethostbyname exists in the socket failed with the following output:
Change Dir: /home/gz/repository/workplace/ibn/src/grpc/build/CMakeFiles/CMakeTmp

Run Build Command(s):/usr/bin/make cmTC_216fc/fast && /usr/bin/make -f CMakeFiles/cmTC_216fc.dir/build.make CMakeFiles/cmTC_216fc.dir/build
make[1]: Entering directory '/home/gz/repository/workplace/ibn/src/grpc/build/CMakeFiles/CMakeTmp'
Building C object CMakeFiles/cmTC_216fc.dir/CheckFunctionExists.c.o
/usr/bin/cc   -DCHECK_FUNCTION_EXISTS=gethostbyname -fPIE   -o CMakeFiles/cmTC_216fc.dir/CheckFunctionExists.c.o   -c /usr/share/cmake-3.16/Modules/CheckFunctionExists.c
Linking C executable cmTC_216fc
/usr/bin/cmake -E cmake_link_script CMakeFiles/cmTC_216fc.dir/link.txt --verbose=1
/usr/bin/cc  -DCHECK_FUNCTION_EXISTS=gethostbyname    -rdynamic CMakeFiles/cmTC_216fc.dir/CheckFunctionExists.c.o  -o cmTC_216fc  -lsocket 
/usr/bin/ld: cannot find -lsocket
collect2: error: ld returned 1 exit status
make[1]: *** [CMakeFiles/cmTC_216fc.dir/build.make:87: cmTC_216fc] Error 1
make[1]: Leaving directory '/home/gz/repository/workplace/ibn/src/grpc/build/CMakeFiles/CMakeTmp'
make: *** [Makefile:121: cmTC_216fc/fast] Error 2



Determining if files socket.h exist failed with the following output:
Change Dir: /home/gz/repository/workplace/ibn/src/grpc/build/CMakeFiles/CMakeTmp

Run Build Command(s):/usr/bin/make cmTC_9f6f6/fast && /usr/bin/make -f CMakeFiles/cmTC_9f6f6.dir/build.make CMakeFiles/cmTC_9f6f6.dir/build
make[1]: Entering directory '/home/gz/repository/workplace/ibn/src/grpc/build/CMakeFiles/CMakeTmp'
Building C object CMakeFiles/cmTC_9f6f6.dir/HAVE_SOCKET_H.c.o
/usr/bin/cc   -fPIE   -o CMakeFiles/cmTC_9f6f6.dir/HAVE_SOCKET_H.c.o   -c /home/gz/repository/workplace/ibn/src/grpc/build/CMakeFiles/CheckIncludeFiles/HAVE_SOCKET_H.c
/home/gz/repository/workplace/ibn/src/grpc/build/CMakeFiles/CheckIncludeFiles/HAVE_SOCKET_H.c:2:10: fatal error: socket.h: No such file or directory
    2 | #include <socket.h>
      |          ^~~~~~~~~~
compilation terminated.
make[1]: *** [CMakeFiles/cmTC_9f6f6.dir/build.make:66: CMakeFiles/cmTC_9f6f6.dir/HAVE_SOCKET_H.c.o] Error 1
make[1]: Leaving directory '/home/gz/repository/workplace/ibn/src/grpc/build/CMakeFiles/CMakeTmp'
make: *** [Makefile:121: cmTC_9f6f6/fast] Error 2


Source:
/* */
#include <socket.h>


int main(void){return 0;}

Determining if files stropts.h exist failed with the following output:
Change Dir: /home/gz/repository/workplace/ibn/src/grpc/build/CMakeFiles/CMakeTmp

Run Build Command(s):/usr/bin/make cmTC_66425/fast && /usr/bin/make -f CMakeFiles/cmTC_66425.dir/build.make CMakeFiles/cmTC_66425.dir/build
make[1]: Entering directory '/home/gz/repository/workplace/ibn/src/grpc/build/CMakeFiles/CMakeTmp'
Building C object CMakeFiles/cmTC_66425.dir/HAVE_STROPTS_H.c.o
/usr/bin/cc   -fPIE   -o CMakeFiles/cmTC_66425.dir/HAVE_STROPTS_H.c.o   -c /home/gz/repository/workplace/ibn/src/grpc/build/CMakeFiles/CheckIncludeFiles/HAVE_STROPTS_H.c
/home/gz/repository/workplace/ibn/src/grpc/build/CMakeFiles/CheckIncludeFiles/HAVE_STROPTS_H.c:2:10: fatal error: stropts.h: No such file or directory
    2 | #include <stropts.h>
      |          ^~~~~~~~~~~
compilation terminated.
make[1]: *** [CMakeFiles/cmTC_66425.dir/build.make:66: CMakeFiles/cmTC_66425.dir/HAVE_STROPTS_H.c.o] Error 1
make[1]: Leaving directory '/home/gz/repository/workplace/ibn/src/grpc/build/CMakeFiles/CMakeTmp'
make: *** [Makefile:121: cmTC_66425/fast] Error 2


Source:
/* */
#include <stropts.h>


int main(void){return 0;}

Determining if files winsock2.h;windows.h exist failed with the following output:
Change Dir: /home/gz/repository/workplace/ibn/src/grpc/build/CMakeFiles/CMakeTmp

Run Build Command(s):/usr/bin/make cmTC_21160/fast && /usr/bin/make -f CMakeFiles/cmTC_21160.dir/build.make CMakeFiles/cmTC_21160.dir/build
make[1]: Entering directory '/home/gz/repository/workplace/ibn/src/grpc/build/CMakeFiles/CMakeTmp'
Building C object CMakeFiles/cmTC_21160.dir/HAVE_WINSOCK2_H.c.o
/usr/bin/cc   -fPIE   -o CMakeFiles/cmTC_21160.dir/HAVE_WINSOCK2_H.c.o   -c /home/gz/repository/workplace/ibn/src/grpc/build/CMakeFiles/CheckIncludeFiles/HAVE_WINSOCK2_H.c
/home/gz/repository/workplace/ibn/src/grpc/build/CMakeFiles/CheckIncludeFiles/HAVE_WINSOCK2_H.c:2:10: fatal error: winsock2.h: No such file or directory
    2 | #include <winsock2.h>
      |          ^~~~~~~~~~~~
compilation terminated.
make[1]: *** [CMakeFiles/cmTC_21160.dir/build.make:66: CMakeFiles/cmTC_21160.dir/HAVE_WINSOCK2_H.c.o] Error 1
make[1]: Leaving directory '/home/gz/repository/workplace/ibn/src/grpc/build/CMakeFiles/CMakeTmp'
make: *** [Makefile:121: cmTC_21160/fast] Error 2


Source:
/* */
#include <winsock2.h>
#include <windows.h>


int main(void){return 0;}

Determining if files winsock2.h;ws2tcpip.h;windows.h exist failed with the following output:
Change Dir: /home/gz/repository/workplace/ibn/src/grpc/build/CMakeFiles/CMakeTmp

Run Build Command(s):/usr/bin/make cmTC_081f6/fast && /usr/bin/make -f CMakeFiles/cmTC_081f6.dir/build.make CMakeFiles/cmTC_081f6.dir/build
make[1]: Entering directory '/home/gz/repository/workplace/ibn/src/grpc/build/CMakeFiles/CMakeTmp'
Building C object CMakeFiles/cmTC_081f6.dir/HAVE_WS2TCPIP_H.c.o
/usr/bin/cc   -fPIE   -o CMakeFiles/cmTC_081f6.dir/HAVE_WS2TCPIP_H.c.o   -c /home/gz/repository/workplace/ibn/src/grpc/build/CMakeFiles/CheckIncludeFiles/HAVE_WS2TCPIP_H.c
/home/gz/repository/workplace/ibn/src/grpc/build/CMakeFiles/CheckIncludeFiles/HAVE_WS2TCPIP_H.c:2:10: fatal error: winsock2.h: No such file or directory
    2 | #include <winsock2.h>
      |          ^~~~~~~~~~~~
compilation terminated.
make[1]: *** [CMakeFiles/cmTC_081f6.dir/build.make:66: CMakeFiles/cmTC_081f6.dir/HAVE_WS2TCPIP_H.c.o] Error 1
make[1]: Leaving directory '/home/gz/repository/workplace/ibn/src/grpc/build/CMakeFiles/CMakeTmp'
make: *** [Makefile:121: cmTC_081f6/fast] Error 2


Source:
/* */
#include <winsock2.h>
#include <ws2tcpip.h>
#include <windows.h>


int main(void){return 0;}

Determining if files winsock.h;windows.h exist failed with the following output:
Change Dir: /home/gz/repository/workplace/ibn/src/grpc/build/CMakeFiles/CMakeTmp

Run Build Command(s):/usr/bin/make cmTC_4c03a/fast && /usr/bin/make -f CMakeFiles/cmTC_4c03a.dir/build.make CMakeFiles/cmTC_4c03a.dir/build
make[1]: Entering directory '/home/gz/repository/workplace/ibn/src/grpc/build/CMakeFiles/CMakeTmp'
Building C object CMakeFiles/cmTC_4c03a.dir/HAVE_WINSOCK_H.c.o
/usr/bin/cc   -fPIE   -o CMakeFiles/cmTC_4c03a.dir/HAVE_WINSOCK_H.c.o   -c /home/gz/repository/workplace/ibn/src/grpc/build/CMakeFiles/CheckIncludeFiles/HAVE_WINSOCK_H.c
/home/gz/repository/workplace/ibn/src/grpc/build/CMakeFiles/CheckIncludeFiles/HAVE_WINSOCK_H.c:2:10: fatal error: winsock.h: No such file or directory
    2 | #include <winsock.h>
      |          ^~~~~~~~~~~
compilation terminated.
make[1]: *** [CMakeFiles/cmTC_4c03a.dir/build.make:66: CMakeFiles/cmTC_4c03a.dir/HAVE_WINSOCK_H.c.o] Error 1
make[1]: Leaving directory '/home/gz/repository/workplace/ibn/src/grpc/build/CMakeFiles/CMakeTmp'
make: *** [Makefile:121: cmTC_4c03a/fast] Error 2


Source:
/* */
#include <winsock.h>
#include <windows.h>


int main(void){return 0;}

Determining if files windows.h exist failed with the following output:
Change Dir: /home/gz/repository/workplace/ibn/src/grpc/build/CMakeFiles/CMakeTmp

Run Build Command(s):/usr/bin/make cmTC_f6b37/fast && /usr/bin/make -f CMakeFiles/cmTC_f6b37.dir/build.make CMakeFiles/cmTC_f6b37.dir/build
make[1]: Entering directory '/home/gz/repository/workplace/ibn/src/grpc/build/CMakeFiles/CMakeTmp'
Building C object CMakeFiles/cmTC_f6b37.dir/HAVE_WINDOWS_H.c.o
/usr/bin/cc   -fPIE   -o CMakeFiles/cmTC_f6b37.dir/HAVE_WINDOWS_H.c.o   -c /home/gz/repository/workplace/ibn/src/grpc/build/CMakeFiles/CheckIncludeFiles/HAVE_WINDOWS_H.c
/home/gz/repository/workplace/ibn/src/grpc/build/CMakeFiles/CheckIncludeFiles/HAVE_WINDOWS_H.c:2:10: fatal error: windows.h: No such file or directory
    2 | #include <windows.h>
      |          ^~~~~~~~~~~
compilation terminated.
make[1]: *** [CMakeFiles/cmTC_f6b37.dir/build.make:66: CMakeFiles/cmTC_f6b37.dir/HAVE_WINDOWS_H.c.o] Error 1
make[1]: Leaving directory '/home/gz/repository/workplace/ibn/src/grpc/build/CMakeFiles/CMakeTmp'
make: *** [Makefile:121: cmTC_f6b37/fast] Error 2


Source:
/* */
#include <windows.h>


int main(void){return 0;}

Performing C SOURCE FILE Test HAVE_TYPE_SOCKET failed with the following output:
Change Dir: /home/gz/repository/workplace/ibn/src/grpc/build/CMakeFiles/CMakeTmp

Run Build Command(s):/usr/bin/make cmTC_7ad4d/fast && /usr/bin/make -f CMakeFiles/cmTC_7ad4d.dir/build.make CMakeFiles/cmTC_7ad4d.dir/build
make[1]: Entering directory '/home/gz/repository/workplace/ibn/src/grpc/build/CMakeFiles/CMakeTmp'
Building C object CMakeFiles/cmTC_7ad4d.dir/src.c.o
/usr/bin/cc -D_GNU_SOURCE -D_POSIX_C_SOURCE=199309L -D_XOPEN_SOURCE=600  -DHAVE_TYPE_SOCKET -fPIE   -o CMakeFiles/cmTC_7ad4d.dir/src.c.o   -c /home/gz/repository/workplace/ibn/src/grpc/build/CMakeFiles/CMakeTmp/src.c
/home/gz/repository/workplace/ibn/src/grpc/build/CMakeFiles/CMakeTmp/src.c: In function ‘main’:
/home/gz/repository/workplace/ibn/src/grpc/build/CMakeFiles/CMakeTmp/src.c:26:4: error: unknown type name ‘SOCKET’
   26 |    SOCKET var_exists;
      |    ^~~~~~
make[1]: *** [CMakeFiles/cmTC_7ad4d.dir/build.make:66: CMakeFiles/cmTC_7ad4d.dir/src.c.o] Error 1
make[1]: Leaving directory '/home/gz/repository/workplace/ibn/src/grpc/build/CMakeFiles/CMakeTmp'
make: *** [Makefile:121: cmTC_7ad4d/fast] Error 2


Source file was:

		#include <stdio.h>
		#include <stdlib.h>
	
		#include <stdbool.h>
		#include <sys/types.h>
		#include <arpa/inet.h>
		#include <arpa/nameser.h>
		#include <netdb.h>
		#include <net/if.h>
		#include <netinet/in.h>
		#include <netinet/tcp.h>
		#include <signal.h>
		#include <stdlib.h>
		#include <string.h>
		#include <strings.h>
		#include <sys/ioctl.h>
		#include <sys/select.h>
		#include <sys/socket.h>
		#include <sys/time.h>
		#include <sys/uio.h>
		#include <time.h>
		#include <fcntl.h>
		#include <unistd.h>
		int main() {
			SOCKET var_exists;
			return 0;
		}
	
Determining if the SO_NONBLOCK exist failed with the following output:
Change Dir: /home/gz/repository/workplace/ibn/src/grpc/build/CMakeFiles/CMakeTmp

Run Build Command(s):/usr/bin/make cmTC_ea12d/fast && /usr/bin/make -f CMakeFiles/cmTC_ea12d.dir/build.make CMakeFiles/cmTC_ea12d.dir/build
make[1]: Entering directory '/home/gz/repository/workplace/ibn/src/grpc/build/CMakeFiles/CMakeTmp'
Building C object CMakeFiles/cmTC_ea12d.dir/CheckSymbolExists.c.o
/usr/bin/cc -D_GNU_SOURCE -D_POSIX_C_SOURCE=199309L -D_XOPEN_SOURCE=600  -fPIE   -o CMakeFiles/cmTC_ea12d.dir/CheckSymbolExists.c.o   -c /home/gz/repository/workplace/ibn/src/grpc/build/CMakeFiles/CMakeTmp/CheckSymbolExists.c
/home/gz/repository/workplace/ibn/src/grpc/build/CMakeFiles/CMakeTmp/CheckSymbolExists.c: In function ‘main’:
/home/gz/repository/workplace/ibn/src/grpc/build/CMakeFiles/CMakeTmp/CheckSymbolExists.c:27:19: error: ‘SO_NONBLOCK’ undeclared (first use in this function); did you mean ‘O_NONBLOCK’?
   27 |   return ((int*)(&SO_NONBLOCK))[argc];
      |                   ^~~~~~~~~~~
      |                   O_NONBLOCK
/home/gz/repository/workplace/ibn/src/grpc/build/CMakeFiles/CMakeTmp/CheckSymbolExists.c:27:19: note: each undeclared identifier is reported only once for each function it appears in
make[1]: *** [CMakeFiles/cmTC_ea12d.dir/build.make:66: CMakeFiles/cmTC_ea12d.dir/CheckSymbolExists.c.o] Error 1
make[1]: Leaving directory '/home/gz/repository/workplace/ibn/src/grpc/build/CMakeFiles/CMakeTmp'
make: *** [Makefile:121: cmTC_ea12d/fast] Error 2


File /home/gz/repository/workplace/ibn/src/grpc/build/CMakeFiles/CMakeTmp/CheckSymbolExists.c:
/* */
#include <stdbool.h>
#include <sys/types.h>
#include <arpa/inet.h>
#include <arpa/nameser.h>
#include <netdb.h>
#include <net/if.h>
#include <netinet/in.h>
#include <netinet/tcp.h>
#include <signal.h>
#include <stdlib.h>
#include <string.h>
#include <strings.h>
#include <sys/ioctl.h>
#include <sys/select.h>
#include <sys/socket.h>
#include <sys/time.h>
#include <sys/uio.h>
#include <time.h>
#include <fcntl.h>
#include <unistd.h>

int main(int argc, char** argv)
{
  (void)argv;
#ifndef SO_NONBLOCK
  return ((int*)(&SO_NONBLOCK))[argc];
#else
  (void)argc;
  return 0;
#endif
}
Determining if the bitncmp exist failed with the following output:
Change Dir: /home/gz/repository/workplace/ibn/src/grpc/build/CMakeFiles/CMakeTmp

Run Build Command(s):/usr/bin/make cmTC_d45c9/fast && /usr/bin/make -f CMakeFiles/cmTC_d45c9.dir/build.make CMakeFiles/cmTC_d45c9.dir/build
make[1]: Entering directory '/home/gz/repository/workplace/ibn/src/grpc/build/CMakeFiles/CMakeTmp'
Building C object CMakeFiles/cmTC_d45c9.dir/CheckSymbolExists.c.o
/usr/bin/cc -D_GNU_SOURCE -D_POSIX_C_SOURCE=199309L -D_XOPEN_SOURCE=600  -fPIE   -o CMakeFiles/cmTC_d45c9.dir/CheckSymbolExists.c.o   -c /home/gz/repository/workplace/ibn/src/grpc/build/CMakeFiles/CMakeTmp/CheckSymbolExists.c
/home/gz/repository/workplace/ibn/src/grpc/build/CMakeFiles/CMakeTmp/CheckSymbolExists.c: In function ‘main’:
/home/gz/repository/workplace/ibn/src/grpc/build/CMakeFiles/CMakeTmp/CheckSymbolExists.c:27:19: error: ‘bitncmp’ undeclared (first use in this function); did you mean ‘bcmp’?
   27 |   return ((int*)(&bitncmp))[argc];
      |                   ^~~~~~~
      |                   bcmp
/home/gz/repository/workplace/ibn/src/grpc/build/CMakeFiles/CMakeTmp/CheckSymbolExists.c:27:19: note: each undeclared identifier is reported only once for each function it appears in
make[1]: *** [CMakeFiles/cmTC_d45c9.dir/build.make:66: CMakeFiles/cmTC_d45c9.dir/CheckSymbolExists.c.o] Error 1
make[1]: Leaving directory '/home/gz/repository/workplace/ibn/src/grpc/build/CMakeFiles/CMakeTmp'
make: *** [Makefile:121: cmTC_d45c9/fast] Error 2


File /home/gz/repository/workplace/ibn/src/grpc/build/CMakeFiles/CMakeTmp/CheckSymbolExists.c:
/* */
#include <stdbool.h>
#include <sys/types.h>
#include <arpa/inet.h>
#include <arpa/nameser.h>
#include <netdb.h>
#include <net/if.h>
#include <netinet/in.h>
#include <netinet/tcp.h>
#include <signal.h>
#include <stdlib.h>
#include <string.h>
#include <strings.h>
#include <sys/ioctl.h>
#include <sys/select.h>
#include <sys/socket.h>
#include <sys/time.h>
#include <sys/uio.h>
#include <time.h>
#include <fcntl.h>
#include <unistd.h>

int main(int argc, char** argv)
{
  (void)argv;
#ifndef bitncmp
  return ((int*)(&bitncmp))[argc];
#else
  (void)argc;
  return 0;
#endif
}
Determining if the closesocket exist failed with the following output:
Change Dir: /home/gz/repository/workplace/ibn/src/grpc/build/CMakeFiles/CMakeTmp

Run Build Command(s):/usr/bin/make cmTC_754f9/fast && /usr/bin/make -f CMakeFiles/cmTC_754f9.dir/build.make CMakeFiles/cmTC_754f9.dir/build
make[1]: Entering directory '/home/gz/repository/workplace/ibn/src/grpc/build/CMakeFiles/CMakeTmp'
Building C object CMakeFiles/cmTC_754f9.dir/CheckSymbolExists.c.o
/usr/bin/cc -D_GNU_SOURCE -D_POSIX_C_SOURCE=199309L -D_XOPEN_SOURCE=600  -fPIE   -o CMakeFiles/cmTC_754f9.dir/CheckSymbolExists.c.o   -c /home/gz/repository/workplace/ibn/src/grpc/build/CMakeFiles/CMakeTmp/CheckSymbolExists.c
/home/gz/repository/workplace/ibn/src/grpc/build/CMakeFiles/CMakeTmp/CheckSymbolExists.c: In function ‘main’:
/home/gz/repository/workplace/ibn/src/grpc/build/CMakeFiles/CMakeTmp/CheckSymbolExists.c:27:19: error: ‘closesocket’ undeclared (first use in this function)
   27 |   return ((int*)(&closesocket))[argc];
      |                   ^~~~~~~~~~~
/home/gz/repository/workplace/ibn/src/grpc/build/CMakeFiles/CMakeTmp/CheckSymbolExists.c:27:19: note: each undeclared identifier is reported only once for each function it appears in
make[1]: *** [CMakeFiles/cmTC_754f9.dir/build.make:66: CMakeFiles/cmTC_754f9.dir/CheckSymbolExists.c.o] Error 1
make[1]: Leaving directory '/home/gz/repository/workplace/ibn/src/grpc/build/CMakeFiles/CMakeTmp'
make: *** [Makefile:121: cmTC_754f9/fast] Error 2


File /home/gz/repository/workplace/ibn/src/grpc/build/CMakeFiles/CMakeTmp/CheckSymbolExists.c:
/* */
#include <stdbool.h>
#include <sys/types.h>
#include <arpa/inet.h>
#include <arpa/nameser.h>
#include <netdb.h>
#include <net/if.h>
#include <netinet/in.h>
#include <netinet/tcp.h>
#include <signal.h>
#include <stdlib.h>
#include <string.h>
#include <strings.h>
#include <sys/ioctl.h>
#include <sys/select.h>
#include <sys/socket.h>
#include <sys/time.h>
#include <sys/uio.h>
#include <time.h>
#include <fcntl.h>
#include <unistd.h>

int main(int argc, char** argv)
{
  (void)argv;
#ifndef closesocket
  return ((int*)(&closesocket))[argc];
#else
  (void)argc;
  return 0;
#endif
}
Determining if the CloseSocket exist failed with the following output:
Change Dir: /home/gz/repository/workplace/ibn/src/grpc/build/CMakeFiles/CMakeTmp

Run Build Command(s):/usr/bin/make cmTC_b9fcf/fast && /usr/bin/make -f CMakeFiles/cmTC_b9fcf.dir/build.make CMakeFiles/cmTC_b9fcf.dir/build
make[1]: Entering directory '/home/gz/repository/workplace/ibn/src/grpc/build/CMakeFiles/CMakeTmp'
Building C object CMakeFiles/cmTC_b9fcf.dir/CheckSymbolExists.c.o
/usr/bin/cc -D_GNU_SOURCE -D_POSIX_C_SOURCE=199309L -D_XOPEN_SOURCE=600  -fPIE   -o CMakeFiles/cmTC_b9fcf.dir/CheckSymbolExists.c.o   -c /home/gz/repository/workplace/ibn/src/grpc/build/CMakeFiles/CMakeTmp/CheckSymbolExists.c
/home/gz/repository/workplace/ibn/src/grpc/build/CMakeFiles/CMakeTmp/CheckSymbolExists.c: In function ‘main’:
/home/gz/repository/workplace/ibn/src/grpc/build/CMakeFiles/CMakeTmp/CheckSymbolExists.c:27:19: error: ‘CloseSocket’ undeclared (first use in this function)
   27 |   return ((int*)(&CloseSocket))[argc];
      |                   ^~~~~~~~~~~
/home/gz/repository/workplace/ibn/src/grpc/build/CMakeFiles/CMakeTmp/CheckSymbolExists.c:27:19: note: each undeclared identifier is reported only once for each function it appears in
make[1]: *** [CMakeFiles/cmTC_b9fcf.dir/build.make:66: CMakeFiles/cmTC_b9fcf.dir/CheckSymbolExists.c.o] Error 1
make[1]: Leaving directory '/home/gz/repository/workplace/ibn/src/grpc/build/CMakeFiles/CMakeTmp'
make: *** [Makefile:121: cmTC_b9fcf/fast] Error 2


File /home/gz/repository/workplace/ibn/src/grpc/build/CMakeFiles/CMakeTmp/CheckSymbolExists.c:
/* */
#include <stdbool.h>
#include <sys/types.h>
#include <arpa/inet.h>
#include <arpa/nameser.h>
#include <netdb.h>
#include <net/if.h>
#include <netinet/in.h>
#include <netinet/tcp.h>
#include <signal.h>
#include <stdlib.h>
#include <string.h>
#include <strings.h>
#include <sys/ioctl.h>
#include <sys/select.h>
#include <sys/socket.h>
#include <sys/time.h>
#include <sys/uio.h>
#include <time.h>
#include <fcntl.h>
#include <unistd.h>

int main(int argc, char** argv)
{
  (void)argv;
#ifndef CloseSocket
  return ((int*)(&CloseSocket))[argc];
#else
  (void)argc;
  return 0;
#endif
}
Determining if the inet_net_pton exist failed with the following output:
Change Dir: /home/gz/repository/workplace/ibn/src/grpc/build/CMakeFiles/CMakeTmp

Run Build Command(s):/usr/bin/make cmTC_7c198/fast && /usr/bin/make -f CMakeFiles/cmTC_7c198.dir/build.make CMakeFiles/cmTC_7c198.dir/build
make[1]: Entering directory '/home/gz/repository/workplace/ibn/src/grpc/build/CMakeFiles/CMakeTmp'
Building C object CMakeFiles/cmTC_7c198.dir/CheckSymbolExists.c.o
/usr/bin/cc -D_GNU_SOURCE -D_POSIX_C_SOURCE=199309L -D_XOPEN_SOURCE=600  -fPIE   -o CMakeFiles/cmTC_7c198.dir/CheckSymbolExists.c.o   -c /home/gz/repository/workplace/ibn/src/grpc/build/CMakeFiles/CMakeTmp/CheckSymbolExists.c
Linking C executable cmTC_7c198
/usr/bin/cmake -E cmake_link_script CMakeFiles/cmTC_7c198.dir/link.txt --verbose=1
/usr/bin/cc      -rdynamic CMakeFiles/cmTC_7c198.dir/CheckSymbolExists.c.o  -o cmTC_7c198  -lnsl -lrt 
/usr/bin/ld: CMakeFiles/cmTC_7c198.dir/CheckSymbolExists.c.o: in function `main':
CheckSymbolExists.c:(.text+0x1f): undefined reference to `inet_net_pton'
collect2: error: ld returned 1 exit status
make[1]: *** [CMakeFiles/cmTC_7c198.dir/build.make:87: cmTC_7c198] Error 1
make[1]: Leaving directory '/home/gz/repository/workplace/ibn/src/grpc/build/CMakeFiles/CMakeTmp'
make: *** [Makefile:121: cmTC_7c198/fast] Error 2


File /home/gz/repository/workplace/ibn/src/grpc/build/CMakeFiles/CMakeTmp/CheckSymbolExists.c:
/* */
#include <stdbool.h>
#include <sys/types.h>
#include <arpa/inet.h>
#include <arpa/nameser.h>
#include <netdb.h>
#include <net/if.h>
#include <netinet/in.h>
#include <netinet/tcp.h>
#include <signal.h>
#include <stdlib.h>
#include <string.h>
#include <strings.h>
#include <sys/ioctl.h>
#include <sys/select.h>
#include <sys/socket.h>
#include <sys/time.h>
#include <sys/uio.h>
#include <time.h>
#include <fcntl.h>
#include <unistd.h>

int main(int argc, char** argv)
{
  (void)argv;
#ifndef inet_net_pton
  return ((int*)(&inet_net_pton))[argc];
#else
  (void)argc;
  return 0;
#endif
}
Determining if the ioctlsocket exist failed with the following output:
Change Dir: /home/gz/repository/workplace/ibn/src/grpc/build/CMakeFiles/CMakeTmp

Run Build Command(s):/usr/bin/make cmTC_db1fc/fast && /usr/bin/make -f CMakeFiles/cmTC_db1fc.dir/build.make CMakeFiles/cmTC_db1fc.dir/build
make[1]: Entering directory '/home/gz/repository/workplace/ibn/src/grpc/build/CMakeFiles/CMakeTmp'
Building C object CMakeFiles/cmTC_db1fc.dir/CheckSymbolExists.c.o
/usr/bin/cc -D_GNU_SOURCE -D_POSIX_C_SOURCE=199309L -D_XOPEN_SOURCE=600  -fPIE   -o CMakeFiles/cmTC_db1fc.dir/CheckSymbolExists.c.o   -c /home/gz/repository/workplace/ibn/src/grpc/build/CMakeFiles/CMakeTmp/CheckSymbolExists.c
/home/gz/repository/workplace/ibn/src/grpc/build/CMakeFiles/CMakeTmp/CheckSymbolExists.c: In function ‘main’:
/home/gz/repository/workplace/ibn/src/grpc/build/CMakeFiles/CMakeTmp/CheckSymbolExists.c:27:19: error: ‘ioctlsocket’ undeclared (first use in this function)
   27 |   return ((int*)(&ioctlsocket))[argc];
      |                   ^~~~~~~~~~~
/home/gz/repository/workplace/ibn/src/grpc/build/CMakeFiles/CMakeTmp/CheckSymbolExists.c:27:19: note: each undeclared identifier is reported only once for each function it appears in
make[1]: *** [CMakeFiles/cmTC_db1fc.dir/build.make:66: CMakeFiles/cmTC_db1fc.dir/CheckSymbolExists.c.o] Error 1
make[1]: Leaving directory '/home/gz/repository/workplace/ibn/src/grpc/build/CMakeFiles/CMakeTmp'
make: *** [Makefile:121: cmTC_db1fc/fast] Error 2


File /home/gz/repository/workplace/ibn/src/grpc/build/CMakeFiles/CMakeTmp/CheckSymbolExists.c:
/* */
#include <stdbool.h>
#include <sys/types.h>
#include <arpa/inet.h>
#include <arpa/nameser.h>
#include <netdb.h>
#include <net/if.h>
#include <netinet/in.h>
#include <netinet/tcp.h>
#include <signal.h>
#include <stdlib.h>
#include <string.h>
#include <strings.h>
#include <sys/ioctl.h>
#include <sys/select.h>
#include <sys/socket.h>
#include <sys/time.h>
#include <sys/uio.h>
#include <time.h>
#include <fcntl.h>
#include <unistd.h>

int main(int argc, char** argv)
{
  (void)argv;
#ifndef ioctlsocket
  return ((int*)(&ioctlsocket))[argc];
#else
  (void)argc;
  return 0;
#endif
}
Determining if the IoctlSocket exist failed with the following output:
Change Dir: /home/gz/repository/workplace/ibn/src/grpc/build/CMakeFiles/CMakeTmp

Run Build Command(s):/usr/bin/make cmTC_82f8c/fast && /usr/bin/make -f CMakeFiles/cmTC_82f8c.dir/build.make CMakeFiles/cmTC_82f8c.dir/build
make[1]: Entering directory '/home/gz/repository/workplace/ibn/src/grpc/build/CMakeFiles/CMakeTmp'
Building C object CMakeFiles/cmTC_82f8c.dir/CheckSymbolExists.c.o
/usr/bin/cc -D_GNU_SOURCE -D_POSIX_C_SOURCE=199309L -D_XOPEN_SOURCE=600  -fPIE   -o CMakeFiles/cmTC_82f8c.dir/CheckSymbolExists.c.o   -c /home/gz/repository/workplace/ibn/src/grpc/build/CMakeFiles/CMakeTmp/CheckSymbolExists.c
/home/gz/repository/workplace/ibn/src/grpc/build/CMakeFiles/CMakeTmp/CheckSymbolExists.c: In function ‘main’:
/home/gz/repository/workplace/ibn/src/grpc/build/CMakeFiles/CMakeTmp/CheckSymbolExists.c:27:19: error: ‘IoctlSocket’ undeclared (first use in this function)
   27 |   return ((int*)(&IoctlSocket))[argc];
      |                   ^~~~~~~~~~~
/home/gz/repository/workplace/ibn/src/grpc/build/CMakeFiles/CMakeTmp/CheckSymbolExists.c:27:19: note: each undeclared identifier is reported only once for each function it appears in
make[1]: *** [CMakeFiles/cmTC_82f8c.dir/build.make:66: CMakeFiles/cmTC_82f8c.dir/CheckSymbolExists.c.o] Error 1
make[1]: Leaving directory '/home/gz/repository/workplace/ibn/src/grpc/build/CMakeFiles/CMakeTmp'
make: *** [Makefile:121: cmTC_82f8c/fast] Error 2


File /home/gz/repository/workplace/ibn/src/grpc/build/CMakeFiles/CMakeTmp/CheckSymbolExists.c:
/* */
#include <stdbool.h>
#include <sys/types.h>
#include <arpa/inet.h>
#include <arpa/nameser.h>
#include <netdb.h>
#include <net/if.h>
#include <netinet/in.h>
#include <netinet/tcp.h>
#include <signal.h>
#include <stdlib.h>
#include <string.h>
#include <strings.h>
#include <sys/ioctl.h>
#include <sys/select.h>
#include <sys/socket.h>
#include <sys/time.h>
#include <sys/uio.h>
#include <time.h>
#include <fcntl.h>
#include <unistd.h>

int main(int argc, char** argv)
{
  (void)argv;
#ifndef IoctlSocket
  return ((int*)(&IoctlSocket))[argc];
#else
  (void)argc;
  return 0;
#endif
}
Determining if the strcmpi exist failed with the following output:
Change Dir: /home/gz/repository/workplace/ibn/src/grpc/build/CMakeFiles/CMakeTmp

Run Build Command(s):/usr/bin/make cmTC_383bc/fast && /usr/bin/make -f CMakeFiles/cmTC_383bc.dir/build.make CMakeFiles/cmTC_383bc.dir/build
make[1]: Entering directory '/home/gz/repository/workplace/ibn/src/grpc/build/CMakeFiles/CMakeTmp'
Building C object CMakeFiles/cmTC_383bc.dir/CheckSymbolExists.c.o
/usr/bin/cc -D_GNU_SOURCE -D_POSIX_C_SOURCE=199309L -D_XOPEN_SOURCE=600  -fPIE   -o CMakeFiles/cmTC_383bc.dir/CheckSymbolExists.c.o   -c /home/gz/repository/workplace/ibn/src/grpc/build/CMakeFiles/CMakeTmp/CheckSymbolExists.c
/home/gz/repository/workplace/ibn/src/grpc/build/CMakeFiles/CMakeTmp/CheckSymbolExists.c: In function ‘main’:
/home/gz/repository/workplace/ibn/src/grpc/build/CMakeFiles/CMakeTmp/CheckSymbolExists.c:27:19: error: ‘strcmpi’ undeclared (first use in this function); did you mean ‘strcmp’?
   27 |   return ((int*)(&strcmpi))[argc];
      |                   ^~~~~~~
      |                   strcmp
/home/gz/repository/workplace/ibn/src/grpc/build/CMakeFiles/CMakeTmp/CheckSymbolExists.c:27:19: note: each undeclared identifier is reported only once for each function it appears in
make[1]: *** [CMakeFiles/cmTC_383bc.dir/build.make:66: CMakeFiles/cmTC_383bc.dir/CheckSymbolExists.c.o] Error 1
make[1]: Leaving directory '/home/gz/repository/workplace/ibn/src/grpc/build/CMakeFiles/CMakeTmp'
make: *** [Makefile:121: cmTC_383bc/fast] Error 2


File /home/gz/repository/workplace/ibn/src/grpc/build/CMakeFiles/CMakeTmp/CheckSymbolExists.c:
/* */
#include <stdbool.h>
#include <sys/types.h>
#include <arpa/inet.h>
#include <arpa/nameser.h>
#include <netdb.h>
#include <net/if.h>
#include <netinet/in.h>
#include <netinet/tcp.h>
#include <signal.h>
#include <stdlib.h>
#include <string.h>
#include <strings.h>
#include <sys/ioctl.h>
#include <sys/select.h>
#include <sys/socket.h>
#include <sys/time.h>
#include <sys/uio.h>
#include <time.h>
#include <fcntl.h>
#include <unistd.h>

int main(int argc, char** argv)
{
  (void)argv;
#ifndef strcmpi
  return ((int*)(&strcmpi))[argc];
#else
  (void)argc;
  return 0;
#endif
}
Determining if the stricmp exist failed with the following output:
Change Dir: /home/gz/repository/workplace/ibn/src/grpc/build/CMakeFiles/CMakeTmp

Run Build Command(s):/usr/bin/make cmTC_dc820/fast && /usr/bin/make -f CMakeFiles/cmTC_dc820.dir/build.make CMakeFiles/cmTC_dc820.dir/build
make[1]: Entering directory '/home/gz/repository/workplace/ibn/src/grpc/build/CMakeFiles/CMakeTmp'
Building C object CMakeFiles/cmTC_dc820.dir/CheckSymbolExists.c.o
/usr/bin/cc -D_GNU_SOURCE -D_POSIX_C_SOURCE=199309L -D_XOPEN_SOURCE=600  -fPIE   -o CMakeFiles/cmTC_dc820.dir/CheckSymbolExists.c.o   -c /home/gz/repository/workplace/ibn/src/grpc/build/CMakeFiles/CMakeTmp/CheckSymbolExists.c
/home/gz/repository/workplace/ibn/src/grpc/build/CMakeFiles/CMakeTmp/CheckSymbolExists.c: In function ‘main’:
/home/gz/repository/workplace/ibn/src/grpc/build/CMakeFiles/CMakeTmp/CheckSymbolExists.c:27:19: error: ‘stricmp’ undeclared (first use in this function); did you mean ‘strncmp’?
   27 |   return ((int*)(&stricmp))[argc];
      |                   ^~~~~~~
      |                   strncmp
/home/gz/repository/workplace/ibn/src/grpc/build/CMakeFiles/CMakeTmp/CheckSymbolExists.c:27:19: note: each undeclared identifier is reported only once for each function it appears in
make[1]: *** [CMakeFiles/cmTC_dc820.dir/build.make:66: CMakeFiles/cmTC_dc820.dir/CheckSymbolExists.c.o] Error 1
make[1]: Leaving directory '/home/gz/repository/workplace/ibn/src/grpc/build/CMakeFiles/CMakeTmp'
make: *** [Makefile:121: cmTC_dc820/fast] Error 2


File /home/gz/repository/workplace/ibn/src/grpc/build/CMakeFiles/CMakeTmp/CheckSymbolExists.c:
/* */
#include <stdbool.h>
#include <sys/types.h>
#include <arpa/inet.h>
#include <arpa/nameser.h>
#include <netdb.h>
#include <net/if.h>
#include <netinet/in.h>
#include <netinet/tcp.h>
#include <signal.h>
#include <stdlib.h>
#include <string.h>
#include <strings.h>
#include <sys/ioctl.h>
#include <sys/select.h>
#include <sys/socket.h>
#include <sys/time.h>
#include <sys/uio.h>
#include <time.h>
#include <fcntl.h>
#include <unistd.h>

int main(int argc, char** argv)
{
  (void)argv;
#ifndef stricmp
  return ((int*)(&stricmp))[argc];
#else
  (void)argc;
  return 0;
#endif
}
Determining if the strncmpi exist failed with the following output:
Change Dir: /home/gz/repository/workplace/ibn/src/grpc/build/CMakeFiles/CMakeTmp

Run Build Command(s):/usr/bin/make cmTC_f663f/fast && /usr/bin/make -f CMakeFiles/cmTC_f663f.dir/build.make CMakeFiles/cmTC_f663f.dir/build
make[1]: Entering directory '/home/gz/repository/workplace/ibn/src/grpc/build/CMakeFiles/CMakeTmp'
Building C object CMakeFiles/cmTC_f663f.dir/CheckSymbolExists.c.o
/usr/bin/cc -D_GNU_SOURCE -D_POSIX_C_SOURCE=199309L -D_XOPEN_SOURCE=600  -fPIE   -o CMakeFiles/cmTC_f663f.dir/CheckSymbolExists.c.o   -c /home/gz/repository/workplace/ibn/src/grpc/build/CMakeFiles/CMakeTmp/CheckSymbolExists.c
/home/gz/repository/workplace/ibn/src/grpc/build/CMakeFiles/CMakeTmp/CheckSymbolExists.c: In function ‘main’:
/home/gz/repository/workplace/ibn/src/grpc/build/CMakeFiles/CMakeTmp/CheckSymbolExists.c:27:19: error: ‘strncmpi’ undeclared (first use in this function); did you mean ‘strncmp’?
   27 |   return ((int*)(&strncmpi))[argc];
      |                   ^~~~~~~~
      |                   strncmp
/home/gz/repository/workplace/ibn/src/grpc/build/CMakeFiles/CMakeTmp/CheckSymbolExists.c:27:19: note: each undeclared identifier is reported only once for each function it appears in
make[1]: *** [CMakeFiles/cmTC_f663f.dir/build.make:66: CMakeFiles/cmTC_f663f.dir/CheckSymbolExists.c.o] Error 1
make[1]: Leaving directory '/home/gz/repository/workplace/ibn/src/grpc/build/CMakeFiles/CMakeTmp'
make: *** [Makefile:121: cmTC_f663f/fast] Error 2


File /home/gz/repository/workplace/ibn/src/grpc/build/CMakeFiles/CMakeTmp/CheckSymbolExists.c:
/* */
#include <stdbool.h>
#include <sys/types.h>
#include <arpa/inet.h>
#include <arpa/nameser.h>
#include <netdb.h>
#include <net/if.h>
#include <netinet/in.h>
#include <netinet/tcp.h>
#include <signal.h>
#include <stdlib.h>
#include <string.h>
#include <strings.h>
#include <sys/ioctl.h>
#include <sys/select.h>
#include <sys/socket.h>
#include <sys/time.h>
#include <sys/uio.h>
#include <time.h>
#include <fcntl.h>
#include <unistd.h>

int main(int argc, char** argv)
{
  (void)argv;
#ifndef strncmpi
  return ((int*)(&strncmpi))[argc];
#else
  (void)argc;
  return 0;
#endif
}
Determining if the strnicmp exist failed with the following output:
Change Dir: /home/gz/repository/workplace/ibn/src/grpc/build/CMakeFiles/CMakeTmp

Run Build Command(s):/usr/bin/make cmTC_58d58/fast && /usr/bin/make -f CMakeFiles/cmTC_58d58.dir/build.make CMakeFiles/cmTC_58d58.dir/build
make[1]: Entering directory '/home/gz/repository/workplace/ibn/src/grpc/build/CMakeFiles/CMakeTmp'
Building C object CMakeFiles/cmTC_58d58.dir/CheckSymbolExists.c.o
/usr/bin/cc -D_GNU_SOURCE -D_POSIX_C_SOURCE=199309L -D_XOPEN_SOURCE=600  -fPIE   -o CMakeFiles/cmTC_58d58.dir/CheckSymbolExists.c.o   -c /home/gz/repository/workplace/ibn/src/grpc/build/CMakeFiles/CMakeTmp/CheckSymbolExists.c
/home/gz/repository/workplace/ibn/src/grpc/build/CMakeFiles/CMakeTmp/CheckSymbolExists.c: In function ‘main’:
/home/gz/repository/workplace/ibn/src/grpc/build/CMakeFiles/CMakeTmp/CheckSymbolExists.c:27:19: error: ‘strnicmp’ undeclared (first use in this function); did you mean ‘strncmp’?
   27 |   return ((int*)(&strnicmp))[argc];
      |                   ^~~~~~~~
      |                   strncmp
/home/gz/repository/workplace/ibn/src/grpc/build/CMakeFiles/CMakeTmp/CheckSymbolExists.c:27:19: note: each undeclared identifier is reported only once for each function it appears in
make[1]: *** [CMakeFiles/cmTC_58d58.dir/build.make:66: CMakeFiles/cmTC_58d58.dir/CheckSymbolExists.c.o] Error 1
make[1]: Leaving directory '/home/gz/repository/workplace/ibn/src/grpc/build/CMakeFiles/CMakeTmp'
make: *** [Makefile:121: cmTC_58d58/fast] Error 2


File /home/gz/repository/workplace/ibn/src/grpc/build/CMakeFiles/CMakeTmp/CheckSymbolExists.c:
/* */
#include <stdbool.h>
#include <sys/types.h>
#include <arpa/inet.h>
#include <arpa/nameser.h>
#include <netdb.h>
#include <net/if.h>
#include <netinet/in.h>
#include <netinet/tcp.h>
#include <signal.h>
#include <stdlib.h>
#include <string.h>
#include <strings.h>
#include <sys/ioctl.h>
#include <sys/select.h>
#include <sys/socket.h>
#include <sys/time.h>
#include <sys/uio.h>
#include <time.h>
#include <fcntl.h>
#include <unistd.h>

int main(int argc, char** argv)
{
  (void)argv;
#ifndef strnicmp
  return ((int*)(&strnicmp))[argc];
#else
  (void)argc;
  return 0;
#endif
}
Performing C SOURCE FILE Test CMAKE_HAVE_LIBC_PTHREAD failed with the following output:
Change Dir: /home/gz/repository/workplace/ibn/src/grpc/build/CMakeFiles/CMakeTmp

Run Build Command(s):/usr/bin/make cmTC_9f025/fast && /usr/bin/make -f CMakeFiles/cmTC_9f025.dir/build.make CMakeFiles/cmTC_9f025.dir/build
make[1]: Entering directory '/home/gz/repository/workplace/ibn/src/grpc/build/CMakeFiles/CMakeTmp'
Building C object CMakeFiles/cmTC_9f025.dir/src.c.o
/usr/bin/cc   -DCMAKE_HAVE_LIBC_PTHREAD -fPIE   -o CMakeFiles/cmTC_9f025.dir/src.c.o   -c /home/gz/repository/workplace/ibn/src/grpc/build/CMakeFiles/CMakeTmp/src.c
Linking C executable cmTC_9f025
/usr/bin/cmake -E cmake_link_script CMakeFiles/cmTC_9f025.dir/link.txt --verbose=1
/usr/bin/cc  -DCMAKE_HAVE_LIBC_PTHREAD    -rdynamic CMakeFiles/cmTC_9f025.dir/src.c.o  -o cmTC_9f025 
/usr/bin/ld: CMakeFiles/cmTC_9f025.dir/src.c.o: in function `main':
src.c:(.text+0x46): undefined reference to `pthread_create'
/usr/bin/ld: src.c:(.text+0x52): undefined reference to `pthread_detach'
/usr/bin/ld: src.c:(.text+0x63): undefined reference to `pthread_join'
collect2: error: ld returned 1 exit status
make[1]: *** [CMakeFiles/cmTC_9f025.dir/build.make:87: cmTC_9f025] Error 1
make[1]: Leaving directory '/home/gz/repository/workplace/ibn/src/grpc/build/CMakeFiles/CMakeTmp'
make: *** [Makefile:121: cmTC_9f025/fast] Error 2


Source file was:
#include <pthread.h>

void* test_func(void* data)
{
  return data;
}

int main(void)
{
  pthread_t thread;
  pthread_create(&thread, NULL, test_func, NULL);
  pthread_detach(thread);
  pthread_join(thread, NULL);
  pthread_atfork(NULL, NULL, NULL);
  pthread_exit(NULL);

  return 0;
}

Determining if the function pthread_create exists in the pthreads failed with the following output:
Change Dir: /home/gz/repository/workplace/ibn/src/grpc/build/CMakeFiles/CMakeTmp

Run Build Command(s):/usr/bin/make cmTC_7966a/fast && /usr/bin/make -f CMakeFiles/cmTC_7966a.dir/build.make CMakeFiles/cmTC_7966a.dir/build
make[1]: Entering directory '/home/gz/repository/workplace/ibn/src/grpc/build/CMakeFiles/CMakeTmp'
Building C object CMakeFiles/cmTC_7966a.dir/CheckFunctionExists.c.o
/usr/bin/cc   -DCHECK_FUNCTION_EXISTS=pthread_create -fPIE   -o CMakeFiles/cmTC_7966a.dir/CheckFunctionExists.c.o   -c /usr/share/cmake-3.16/Modules/CheckFunctionExists.c
Linking C executable cmTC_7966a
/usr/bin/cmake -E cmake_link_script CMakeFiles/cmTC_7966a.dir/link.txt --verbose=1
/usr/bin/cc  -DCHECK_FUNCTION_EXISTS=pthread_create    -rdynamic CMakeFiles/cmTC_7966a.dir/CheckFunctionExists.c.o  -o cmTC_7966a  -lpthreads 
/usr/bin/ld: cannot find -lpthreads
collect2: error: ld returned 1 exit status
make[1]: *** [CMakeFiles/cmTC_7966a.dir/build.make:87: cmTC_7966a] Error 1
make[1]: Leaving directory '/home/gz/repository/workplace/ibn/src/grpc/build/CMakeFiles/CMakeTmp'
make: *** [Makefile:121: cmTC_7966a/fast] Error 2



Performing C++ SOURCE FILE Test HAVE_CXX_FLAG_WSHORTEN_64_TO_32 failed with the following output:
Change Dir: /home/gz/repository/workplace/ibn/src/grpc/build/CMakeFiles/CMakeTmp

Run Build Command(s):/usr/bin/make cmTC_85416/fast && /usr/bin/make -f CMakeFiles/cmTC_85416.dir/build.make CMakeFiles/cmTC_85416.dir/build
make[1]: Entering directory '/home/gz/repository/workplace/ibn/src/grpc/build/CMakeFiles/CMakeTmp'
Building CXX object CMakeFiles/cmTC_85416.dir/src.cxx.o
/usr/bin/c++    -std=c++11 -std=c++11 -Wall -Wextra -Wshadow -pedantic -pedantic-errors -DHAVE_CXX_FLAG_WSHORTEN_64_TO_32  -Wshorten-64-to-32 -fPIE   -Wshorten-64-to-32 -o CMakeFiles/cmTC_85416.dir/src.cxx.o -c /home/gz/repository/workplace/ibn/src/grpc/build/CMakeFiles/CMakeTmp/src.cxx
c++: error: unrecognized command line option '-Wshorten-64-to-32'
c++: error: unrecognized command line option '-Wshorten-64-to-32'
make[1]: *** [CMakeFiles/cmTC_85416.dir/build.make:66: CMakeFiles/cmTC_85416.dir/src.cxx.o] Error 1
make[1]: Leaving directory '/home/gz/repository/workplace/ibn/src/grpc/build/CMakeFiles/CMakeTmp'
make: *** [Makefile:121: cmTC_85416/fast] Error 2


Source file was:
int main() { return 0; }
Performing C++ SOURCE FILE Test HAVE_CXX_FLAG_WD654 failed with the following output:
Change Dir: /home/gz/repository/workplace/ibn/src/grpc/build/CMakeFiles/CMakeTmp

Run Build Command(s):/usr/bin/make cmTC_26822/fast && /usr/bin/make -f CMakeFiles/cmTC_26822.dir/build.make CMakeFiles/cmTC_26822.dir/build
make[1]: Entering directory '/home/gz/repository/workplace/ibn/src/grpc/build/CMakeFiles/CMakeTmp'
Building CXX object CMakeFiles/cmTC_26822.dir/src.cxx.o
/usr/bin/c++    -std=c++11 -std=c++11 -Wall -Wextra -Wshadow -pedantic -pedantic-errors -Wfloat-equal -fstrict-aliasing -Wzero-as-null-pointer-constant -Wstrict-aliasing -DHAVE_CXX_FLAG_WD654  -wd654 -fPIE   -wd654 -o CMakeFiles/cmTC_26822.dir/src.cxx.o -c /home/gz/repository/workplace/ibn/src/grpc/build/CMakeFiles/CMakeTmp/src.cxx
c++: error: unrecognized command line option '-wd654'
c++: error: unrecognized command line option '-wd654'
make[1]: *** [CMakeFiles/cmTC_26822.dir/build.make:66: CMakeFiles/cmTC_26822.dir/src.cxx.o] Error 1
make[1]: Leaving directory '/home/gz/repository/workplace/ibn/src/grpc/build/CMakeFiles/CMakeTmp'
make: *** [Makefile:121: cmTC_26822/fast] Error 2


Source file was:
int main() { return 0; }
Performing C++ SOURCE FILE Test HAVE_CXX_FLAG_WTHREAD_SAFETY failed with the following output:
Change Dir: /home/gz/repository/workplace/ibn/src/grpc/build/CMakeFiles/CMakeTmp

Run Build Command(s):/usr/bin/make cmTC_c7f13/fast && /usr/bin/make -f CMakeFiles/cmTC_c7f13.dir/build.make CMakeFiles/cmTC_c7f13.dir/build
make[1]: Entering directory '/home/gz/repository/workplace/ibn/src/grpc/build/CMakeFiles/CMakeTmp'
Building CXX object CMakeFiles/cmTC_c7f13.dir/src.cxx.o
/usr/bin/c++    -std=c++11 -std=c++11 -Wall -Wextra -Wshadow -pedantic -pedantic-errors -Wfloat-equal -fstrict-aliasing -Wzero-as-null-pointer-constant -Wstrict-aliasing -DHAVE_CXX_FLAG_WTHREAD_SAFETY  -Wthread-safety -fPIE   -Wthread-safety -o CMakeFiles/cmTC_c7f13.dir/src.cxx.o -c /home/gz/repository/workplace/ibn/src/grpc/build/CMakeFiles/CMakeTmp/src.cxx
c++: error: unrecognized command line option '-Wthread-safety'
c++: error: unrecognized command line option '-Wthread-safety'
make[1]: *** [CMakeFiles/cmTC_c7f13.dir/build.make:66: CMakeFiles/cmTC_c7f13.dir/src.cxx.o] Error 1
make[1]: Leaving directory '/home/gz/repository/workplace/ibn/src/grpc/build/CMakeFiles/CMakeTmp'
make: *** [Makefile:121: cmTC_c7f13/fast] Error 2


Source file was:
int main() { return 0; }
